<?xml version="1.0" encoding="UTF-8"?>
<testsuite xmlns:xsi="http://www.w3.org/2001/XMLSchema-instance" xsi:noNamespaceSchemaLocation="https://maven.apache.org/surefire/maven-surefire-plugin/xsd/surefire-test-report-3.0.xsd" version="3.0" name="com.example.springbootrabbitmqtutorial.SpringbootRabbitmqTutorialApplicationTests" time="5.848" tests="1" errors="0" skipped="0" failures="0">
  <properties>
    <property name="java.specification.version" value="17"/>
    <property name="sun.cpu.isalist" value="amd64"/>
    <property name="sun.jnu.encoding" value="Cp1252"/>
    <property name="java.class.path" value="C:\Users\nmahalak\Downloads\springboot-rabbitmq-tutorial\springboot-rabbitmq-tutorial\target\test-classes;C:\Users\nmahalak\Downloads\springboot-rabbitmq-tutorial\springboot-rabbitmq-tutorial\target\classes;C:\Users\nmahalak\.m2\repository\org\springframework\boot\spring-boot-starter-amqp\3.1.7-SNAPSHOT\spring-boot-starter-amqp-3.1.7-SNAPSHOT.jar;C:\Users\nmahalak\.m2\repository\org\springframework\boot\spring-boot-starter\3.1.7-SNAPSHOT\spring-boot-starter-3.1.7-SNAPSHOT.jar;C:\Users\nmahalak\.m2\repository\org\springframework\boot\spring-boot\3.1.7-SNAPSHOT\spring-boot-3.1.7-SNAPSHOT.jar;C:\Users\nmahalak\.m2\repository\org\springframework\boot\spring-boot-autoconfigure\3.1.7-SNAPSHOT\spring-boot-autoconfigure-3.1.7-SNAPSHOT.jar;C:\Users\nmahalak\.m2\repository\org\springframework\boot\spring-boot-starter-logging\3.1.7-SNAPSHOT\spring-boot-starter-logging-3.1.7-SNAPSHOT.jar;C:\Users\nmahalak\.m2\repository\ch\qos\logback\logback-classic\1.4.11\logback-classic-1.4.11.jar;C:\Users\nmahalak\.m2\repository\ch\qos\logback\logback-core\1.4.11\logback-core-1.4.11.jar;C:\Users\nmahalak\.m2\repository\org\apache\logging\log4j\log4j-to-slf4j\2.20.0\log4j-to-slf4j-2.20.0.jar;C:\Users\nmahalak\.m2\repository\org\apache\logging\log4j\log4j-api\2.20.0\log4j-api-2.20.0.jar;C:\Users\nmahalak\.m2\repository\org\slf4j\jul-to-slf4j\2.0.9\jul-to-slf4j-2.0.9.jar;C:\Users\nmahalak\.m2\repository\jakarta\annotation\jakarta.annotation-api\2.1.1\jakarta.annotation-api-2.1.1.jar;C:\Users\nmahalak\.m2\repository\org\yaml\snakeyaml\1.33\snakeyaml-1.33.jar;C:\Users\nmahalak\.m2\repository\org\springframework\spring-messaging\6.0.14\spring-messaging-6.0.14.jar;C:\Users\nmahalak\.m2\repository\org\springframework\spring-beans\6.0.14\spring-beans-6.0.14.jar;C:\Users\nmahalak\.m2\repository\org\springframework\amqp\spring-rabbit\3.0.10\spring-rabbit-3.0.10.jar;C:\Users\nmahalak\.m2\repository\org\springframework\amqp\spring-amqp\3.0.10\spring-amqp-3.0.10.jar;C:\Users\nmahalak\.m2\repository\org\springframework\retry\spring-retry\2.0.4\spring-retry-2.0.4.jar;C:\Users\nmahalak\.m2\repository\com\rabbitmq\amqp-client\5.17.1\amqp-client-5.17.1.jar;C:\Users\nmahalak\.m2\repository\org\springframework\spring-context\6.0.14\spring-context-6.0.14.jar;C:\Users\nmahalak\.m2\repository\org\springframework\spring-tx\6.0.14\spring-tx-6.0.14.jar;C:\Users\nmahalak\.m2\repository\io\micrometer\micrometer-observation\1.11.6\micrometer-observation-1.11.6.jar;C:\Users\nmahalak\.m2\repository\io\micrometer\micrometer-commons\1.11.6\micrometer-commons-1.11.6.jar;C:\Users\nmahalak\.m2\repository\org\springframework\boot\spring-boot-starter-web\3.1.7-SNAPSHOT\spring-boot-starter-web-3.1.7-SNAPSHOT.jar;C:\Users\nmahalak\.m2\repository\org\springframework\boot\spring-boot-starter-json\3.1.7-SNAPSHOT\spring-boot-starter-json-3.1.7-SNAPSHOT.jar;C:\Users\nmahalak\.m2\repository\com\fasterxml\jackson\core\jackson-databind\2.15.3\jackson-databind-2.15.3.jar;C:\Users\nmahalak\.m2\repository\com\fasterxml\jackson\core\jackson-annotations\2.15.3\jackson-annotations-2.15.3.jar;C:\Users\nmahalak\.m2\repository\com\fasterxml\jackson\core\jackson-core\2.15.3\jackson-core-2.15.3.jar;C:\Users\nmahalak\.m2\repository\com\fasterxml\jackson\datatype\jackson-datatype-jdk8\2.15.3\jackson-datatype-jdk8-2.15.3.jar;C:\Users\nmahalak\.m2\repository\com\fasterxml\jackson\datatype\jackson-datatype-jsr310\2.15.3\jackson-datatype-jsr310-2.15.3.jar;C:\Users\nmahalak\.m2\repository\com\fasterxml\jackson\module\jackson-module-parameter-names\2.15.3\jackson-module-parameter-names-2.15.3.jar;C:\Users\nmahalak\.m2\repository\org\springframework\boot\spring-boot-starter-tomcat\3.1.7-SNAPSHOT\spring-boot-starter-tomcat-3.1.7-SNAPSHOT.jar;C:\Users\nmahalak\.m2\repository\org\apache\tomcat\embed\tomcat-embed-core\10.1.16\tomcat-embed-core-10.1.16.jar;C:\Users\nmahalak\.m2\repository\org\apache\tomcat\embed\tomcat-embed-el\10.1.16\tomcat-embed-el-10.1.16.jar;C:\Users\nmahalak\.m2\repository\org\apache\tomcat\embed\tomcat-embed-websocket\10.1.16\tomcat-embed-websocket-10.1.16.jar;C:\Users\nmahalak\.m2\repository\org\springframework\spring-web\6.0.14\spring-web-6.0.14.jar;C:\Users\nmahalak\.m2\repository\org\springframework\spring-webmvc\6.0.14\spring-webmvc-6.0.14.jar;C:\Users\nmahalak\.m2\repository\org\springframework\spring-aop\6.0.14\spring-aop-6.0.14.jar;C:\Users\nmahalak\.m2\repository\org\springframework\spring-expression\6.0.14\spring-expression-6.0.14.jar;C:\Users\nmahalak\.m2\repository\org\projectlombok\lombok\1.18.30\lombok-1.18.30.jar;C:\Users\nmahalak\.m2\repository\org\springframework\boot\spring-boot-starter-test\3.1.7-SNAPSHOT\spring-boot-starter-test-3.1.7-SNAPSHOT.jar;C:\Users\nmahalak\.m2\repository\org\springframework\boot\spring-boot-test\3.1.7-SNAPSHOT\spring-boot-test-3.1.7-SNAPSHOT.jar;C:\Users\nmahalak\.m2\repository\org\springframework\boot\spring-boot-test-autoconfigure\3.1.7-SNAPSHOT\spring-boot-test-autoconfigure-3.1.7-SNAPSHOT.jar;C:\Users\nmahalak\.m2\repository\com\jayway\jsonpath\json-path\2.8.0\json-path-2.8.0.jar;C:\Users\nmahalak\.m2\repository\org\slf4j\slf4j-api\2.0.9\slf4j-api-2.0.9.jar;C:\Users\nmahalak\.m2\repository\jakarta\xml\bind\jakarta.xml.bind-api\4.0.1\jakarta.xml.bind-api-4.0.1.jar;C:\Users\nmahalak\.m2\repository\jakarta\activation\jakarta.activation-api\2.1.2\jakarta.activation-api-2.1.2.jar;C:\Users\nmahalak\.m2\repository\net\minidev\json-smart\2.4.11\json-smart-2.4.11.jar;C:\Users\nmahalak\.m2\repository\net\minidev\accessors-smart\2.4.11\accessors-smart-2.4.11.jar;C:\Users\nmahalak\.m2\repository\org\ow2\asm\asm\9.3\asm-9.3.jar;C:\Users\nmahalak\.m2\repository\org\assertj\assertj-core\3.24.2\assertj-core-3.24.2.jar;C:\Users\nmahalak\.m2\repository\net\bytebuddy\byte-buddy\1.14.10\byte-buddy-1.14.10.jar;C:\Users\nmahalak\.m2\repository\org\hamcrest\hamcrest\2.2\hamcrest-2.2.jar;C:\Users\nmahalak\.m2\repository\org\junit\jupiter\junit-jupiter\5.9.3\junit-jupiter-5.9.3.jar;C:\Users\nmahalak\.m2\repository\org\junit\jupiter\junit-jupiter-api\5.9.3\junit-jupiter-api-5.9.3.jar;C:\Users\nmahalak\.m2\repository\org\opentest4j\opentest4j\1.2.0\opentest4j-1.2.0.jar;C:\Users\nmahalak\.m2\repository\org\junit\platform\junit-platform-commons\1.9.3\junit-platform-commons-1.9.3.jar;C:\Users\nmahalak\.m2\repository\org\apiguardian\apiguardian-api\1.1.2\apiguardian-api-1.1.2.jar;C:\Users\nmahalak\.m2\repository\org\junit\jupiter\junit-jupiter-params\5.9.3\junit-jupiter-params-5.9.3.jar;C:\Users\nmahalak\.m2\repository\org\junit\jupiter\junit-jupiter-engine\5.9.3\junit-jupiter-engine-5.9.3.jar;C:\Users\nmahalak\.m2\repository\org\junit\platform\junit-platform-engine\1.9.3\junit-platform-engine-1.9.3.jar;C:\Users\nmahalak\.m2\repository\org\mockito\mockito-core\5.3.1\mockito-core-5.3.1.jar;C:\Users\nmahalak\.m2\repository\net\bytebuddy\byte-buddy-agent\1.14.10\byte-buddy-agent-1.14.10.jar;C:\Users\nmahalak\.m2\repository\org\objenesis\objenesis\3.3\objenesis-3.3.jar;C:\Users\nmahalak\.m2\repository\org\mockito\mockito-junit-jupiter\5.3.1\mockito-junit-jupiter-5.3.1.jar;C:\Users\nmahalak\.m2\repository\org\skyscreamer\jsonassert\1.5.1\jsonassert-1.5.1.jar;C:\Users\nmahalak\.m2\repository\com\vaadin\external\google\android-json\0.0.20131108.vaadin1\android-json-0.0.20131108.vaadin1.jar;C:\Users\nmahalak\.m2\repository\org\springframework\spring-core\6.0.14\spring-core-6.0.14.jar;C:\Users\nmahalak\.m2\repository\org\springframework\spring-jcl\6.0.14\spring-jcl-6.0.14.jar;C:\Users\nmahalak\.m2\repository\org\springframework\spring-test\6.0.14\spring-test-6.0.14.jar;C:\Users\nmahalak\.m2\repository\org\xmlunit\xmlunit-core\2.9.1\xmlunit-core-2.9.1.jar;C:\Users\nmahalak\.m2\repository\org\springframework\amqp\spring-rabbit-test\3.0.10\spring-rabbit-test-3.0.10.jar;C:\Users\nmahalak\.m2\repository\org\springframework\amqp\spring-rabbit-junit\3.0.10\spring-rabbit-junit-3.0.10.jar;C:\Users\nmahalak\.m2\repository\org\hamcrest\hamcrest-library\2.2\hamcrest-library-2.2.jar;C:\Users\nmahalak\.m2\repository\org\hamcrest\hamcrest-core\2.2\hamcrest-core-2.2.jar;"/>
    <property name="java.vm.vendor" value="Amazon.com Inc."/>
    <property name="sun.arch.data.model" value="64"/>
    <property name="user.variant" value=""/>
    <property name="java.vendor.url" value="https://aws.amazon.com/corretto/"/>
    <property name="user.timezone" value="Asia/Calcutta"/>
    <property name="os.name" value="Windows 11"/>
    <property name="java.vm.specification.version" value="17"/>
    <property name="sun.java.launcher" value="SUN_STANDARD"/>
    <property name="user.country" value="IN"/>
    <property name="sun.boot.library.path" value="C:\Users\nmahalak\.jdks\corretto-17.0.4.1\bin"/>
    <property name="sun.java.command" value="C:\Users\nmahalak\AppData\Local\Temp\surefire5329662001447758569\surefirebooter-20231129092429224_3.jar C:\Users\nmahalak\AppData\Local\Temp\surefire5329662001447758569 2023-11-29T09-24-28_995-jvmRun1 surefire-20231129092429224_1tmp surefire_0-20231129092429224_2tmp"/>
    <property name="jdk.debug" value="release"/>
    <property name="surefire.test.class.path" value="C:\Users\nmahalak\Downloads\springboot-rabbitmq-tutorial\springboot-rabbitmq-tutorial\target\test-classes;C:\Users\nmahalak\Downloads\springboot-rabbitmq-tutorial\springboot-rabbitmq-tutorial\target\classes;C:\Users\nmahalak\.m2\repository\org\springframework\boot\spring-boot-starter-amqp\3.1.7-SNAPSHOT\spring-boot-starter-amqp-3.1.7-SNAPSHOT.jar;C:\Users\nmahalak\.m2\repository\org\springframework\boot\spring-boot-starter\3.1.7-SNAPSHOT\spring-boot-starter-3.1.7-SNAPSHOT.jar;C:\Users\nmahalak\.m2\repository\org\springframework\boot\spring-boot\3.1.7-SNAPSHOT\spring-boot-3.1.7-SNAPSHOT.jar;C:\Users\nmahalak\.m2\repository\org\springframework\boot\spring-boot-autoconfigure\3.1.7-SNAPSHOT\spring-boot-autoconfigure-3.1.7-SNAPSHOT.jar;C:\Users\nmahalak\.m2\repository\org\springframework\boot\spring-boot-starter-logging\3.1.7-SNAPSHOT\spring-boot-starter-logging-3.1.7-SNAPSHOT.jar;C:\Users\nmahalak\.m2\repository\ch\qos\logback\logback-classic\1.4.11\logback-classic-1.4.11.jar;C:\Users\nmahalak\.m2\repository\ch\qos\logback\logback-core\1.4.11\logback-core-1.4.11.jar;C:\Users\nmahalak\.m2\repository\org\apache\logging\log4j\log4j-to-slf4j\2.20.0\log4j-to-slf4j-2.20.0.jar;C:\Users\nmahalak\.m2\repository\org\apache\logging\log4j\log4j-api\2.20.0\log4j-api-2.20.0.jar;C:\Users\nmahalak\.m2\repository\org\slf4j\jul-to-slf4j\2.0.9\jul-to-slf4j-2.0.9.jar;C:\Users\nmahalak\.m2\repository\jakarta\annotation\jakarta.annotation-api\2.1.1\jakarta.annotation-api-2.1.1.jar;C:\Users\nmahalak\.m2\repository\org\yaml\snakeyaml\1.33\snakeyaml-1.33.jar;C:\Users\nmahalak\.m2\repository\org\springframework\spring-messaging\6.0.14\spring-messaging-6.0.14.jar;C:\Users\nmahalak\.m2\repository\org\springframework\spring-beans\6.0.14\spring-beans-6.0.14.jar;C:\Users\nmahalak\.m2\repository\org\springframework\amqp\spring-rabbit\3.0.10\spring-rabbit-3.0.10.jar;C:\Users\nmahalak\.m2\repository\org\springframework\amqp\spring-amqp\3.0.10\spring-amqp-3.0.10.jar;C:\Users\nmahalak\.m2\repository\org\springframework\retry\spring-retry\2.0.4\spring-retry-2.0.4.jar;C:\Users\nmahalak\.m2\repository\com\rabbitmq\amqp-client\5.17.1\amqp-client-5.17.1.jar;C:\Users\nmahalak\.m2\repository\org\springframework\spring-context\6.0.14\spring-context-6.0.14.jar;C:\Users\nmahalak\.m2\repository\org\springframework\spring-tx\6.0.14\spring-tx-6.0.14.jar;C:\Users\nmahalak\.m2\repository\io\micrometer\micrometer-observation\1.11.6\micrometer-observation-1.11.6.jar;C:\Users\nmahalak\.m2\repository\io\micrometer\micrometer-commons\1.11.6\micrometer-commons-1.11.6.jar;C:\Users\nmahalak\.m2\repository\org\springframework\boot\spring-boot-starter-web\3.1.7-SNAPSHOT\spring-boot-starter-web-3.1.7-SNAPSHOT.jar;C:\Users\nmahalak\.m2\repository\org\springframework\boot\spring-boot-starter-json\3.1.7-SNAPSHOT\spring-boot-starter-json-3.1.7-SNAPSHOT.jar;C:\Users\nmahalak\.m2\repository\com\fasterxml\jackson\core\jackson-databind\2.15.3\jackson-databind-2.15.3.jar;C:\Users\nmahalak\.m2\repository\com\fasterxml\jackson\core\jackson-annotations\2.15.3\jackson-annotations-2.15.3.jar;C:\Users\nmahalak\.m2\repository\com\fasterxml\jackson\core\jackson-core\2.15.3\jackson-core-2.15.3.jar;C:\Users\nmahalak\.m2\repository\com\fasterxml\jackson\datatype\jackson-datatype-jdk8\2.15.3\jackson-datatype-jdk8-2.15.3.jar;C:\Users\nmahalak\.m2\repository\com\fasterxml\jackson\datatype\jackson-datatype-jsr310\2.15.3\jackson-datatype-jsr310-2.15.3.jar;C:\Users\nmahalak\.m2\repository\com\fasterxml\jackson\module\jackson-module-parameter-names\2.15.3\jackson-module-parameter-names-2.15.3.jar;C:\Users\nmahalak\.m2\repository\org\springframework\boot\spring-boot-starter-tomcat\3.1.7-SNAPSHOT\spring-boot-starter-tomcat-3.1.7-SNAPSHOT.jar;C:\Users\nmahalak\.m2\repository\org\apache\tomcat\embed\tomcat-embed-core\10.1.16\tomcat-embed-core-10.1.16.jar;C:\Users\nmahalak\.m2\repository\org\apache\tomcat\embed\tomcat-embed-el\10.1.16\tomcat-embed-el-10.1.16.jar;C:\Users\nmahalak\.m2\repository\org\apache\tomcat\embed\tomcat-embed-websocket\10.1.16\tomcat-embed-websocket-10.1.16.jar;C:\Users\nmahalak\.m2\repository\org\springframework\spring-web\6.0.14\spring-web-6.0.14.jar;C:\Users\nmahalak\.m2\repository\org\springframework\spring-webmvc\6.0.14\spring-webmvc-6.0.14.jar;C:\Users\nmahalak\.m2\repository\org\springframework\spring-aop\6.0.14\spring-aop-6.0.14.jar;C:\Users\nmahalak\.m2\repository\org\springframework\spring-expression\6.0.14\spring-expression-6.0.14.jar;C:\Users\nmahalak\.m2\repository\org\projectlombok\lombok\1.18.30\lombok-1.18.30.jar;C:\Users\nmahalak\.m2\repository\org\springframework\boot\spring-boot-starter-test\3.1.7-SNAPSHOT\spring-boot-starter-test-3.1.7-SNAPSHOT.jar;C:\Users\nmahalak\.m2\repository\org\springframework\boot\spring-boot-test\3.1.7-SNAPSHOT\spring-boot-test-3.1.7-SNAPSHOT.jar;C:\Users\nmahalak\.m2\repository\org\springframework\boot\spring-boot-test-autoconfigure\3.1.7-SNAPSHOT\spring-boot-test-autoconfigure-3.1.7-SNAPSHOT.jar;C:\Users\nmahalak\.m2\repository\com\jayway\jsonpath\json-path\2.8.0\json-path-2.8.0.jar;C:\Users\nmahalak\.m2\repository\org\slf4j\slf4j-api\2.0.9\slf4j-api-2.0.9.jar;C:\Users\nmahalak\.m2\repository\jakarta\xml\bind\jakarta.xml.bind-api\4.0.1\jakarta.xml.bind-api-4.0.1.jar;C:\Users\nmahalak\.m2\repository\jakarta\activation\jakarta.activation-api\2.1.2\jakarta.activation-api-2.1.2.jar;C:\Users\nmahalak\.m2\repository\net\minidev\json-smart\2.4.11\json-smart-2.4.11.jar;C:\Users\nmahalak\.m2\repository\net\minidev\accessors-smart\2.4.11\accessors-smart-2.4.11.jar;C:\Users\nmahalak\.m2\repository\org\ow2\asm\asm\9.3\asm-9.3.jar;C:\Users\nmahalak\.m2\repository\org\assertj\assertj-core\3.24.2\assertj-core-3.24.2.jar;C:\Users\nmahalak\.m2\repository\net\bytebuddy\byte-buddy\1.14.10\byte-buddy-1.14.10.jar;C:\Users\nmahalak\.m2\repository\org\hamcrest\hamcrest\2.2\hamcrest-2.2.jar;C:\Users\nmahalak\.m2\repository\org\junit\jupiter\junit-jupiter\5.9.3\junit-jupiter-5.9.3.jar;C:\Users\nmahalak\.m2\repository\org\junit\jupiter\junit-jupiter-api\5.9.3\junit-jupiter-api-5.9.3.jar;C:\Users\nmahalak\.m2\repository\org\opentest4j\opentest4j\1.2.0\opentest4j-1.2.0.jar;C:\Users\nmahalak\.m2\repository\org\junit\platform\junit-platform-commons\1.9.3\junit-platform-commons-1.9.3.jar;C:\Users\nmahalak\.m2\repository\org\apiguardian\apiguardian-api\1.1.2\apiguardian-api-1.1.2.jar;C:\Users\nmahalak\.m2\repository\org\junit\jupiter\junit-jupiter-params\5.9.3\junit-jupiter-params-5.9.3.jar;C:\Users\nmahalak\.m2\repository\org\junit\jupiter\junit-jupiter-engine\5.9.3\junit-jupiter-engine-5.9.3.jar;C:\Users\nmahalak\.m2\repository\org\junit\platform\junit-platform-engine\1.9.3\junit-platform-engine-1.9.3.jar;C:\Users\nmahalak\.m2\repository\org\mockito\mockito-core\5.3.1\mockito-core-5.3.1.jar;C:\Users\nmahalak\.m2\repository\net\bytebuddy\byte-buddy-agent\1.14.10\byte-buddy-agent-1.14.10.jar;C:\Users\nmahalak\.m2\repository\org\objenesis\objenesis\3.3\objenesis-3.3.jar;C:\Users\nmahalak\.m2\repository\org\mockito\mockito-junit-jupiter\5.3.1\mockito-junit-jupiter-5.3.1.jar;C:\Users\nmahalak\.m2\repository\org\skyscreamer\jsonassert\1.5.1\jsonassert-1.5.1.jar;C:\Users\nmahalak\.m2\repository\com\vaadin\external\google\android-json\0.0.20131108.vaadin1\android-json-0.0.20131108.vaadin1.jar;C:\Users\nmahalak\.m2\repository\org\springframework\spring-core\6.0.14\spring-core-6.0.14.jar;C:\Users\nmahalak\.m2\repository\org\springframework\spring-jcl\6.0.14\spring-jcl-6.0.14.jar;C:\Users\nmahalak\.m2\repository\org\springframework\spring-test\6.0.14\spring-test-6.0.14.jar;C:\Users\nmahalak\.m2\repository\org\xmlunit\xmlunit-core\2.9.1\xmlunit-core-2.9.1.jar;C:\Users\nmahalak\.m2\repository\org\springframework\amqp\spring-rabbit-test\3.0.10\spring-rabbit-test-3.0.10.jar;C:\Users\nmahalak\.m2\repository\org\springframework\amqp\spring-rabbit-junit\3.0.10\spring-rabbit-junit-3.0.10.jar;C:\Users\nmahalak\.m2\repository\org\hamcrest\hamcrest-library\2.2\hamcrest-library-2.2.jar;C:\Users\nmahalak\.m2\repository\org\hamcrest\hamcrest-core\2.2\hamcrest-core-2.2.jar;"/>
    <property name="sun.cpu.endian" value="little"/>
    <property name="user.home" value="C:\Users\nmahalak"/>
    <property name="user.language" value="en"/>
    <property name="java.specification.vendor" value="Oracle Corporation"/>
    <property name="java.version.date" value="2022-08-12"/>
    <property name="java.home" value="C:\Users\nmahalak\.jdks\corretto-17.0.4.1"/>
    <property name="file.separator" value="\"/>
    <property name="basedir" value="C:\Users\nmahalak\Downloads\springboot-rabbitmq-tutorial\springboot-rabbitmq-tutorial"/>
    <property name="java.vm.compressedOopsMode" value="Zero based"/>
    <property name="line.separator" value="&#10;"/>
    <property name="java.vm.specification.vendor" value="Oracle Corporation"/>
    <property name="java.specification.name" value="Java Platform API Specification"/>
    <property name="FILE_LOG_CHARSET" value="windows-1252"/>
    <property name="java.awt.headless" value="true"/>
    <property name="surefire.real.class.path" value="C:\Users\nmahalak\AppData\Local\Temp\surefire5329662001447758569\surefirebooter-20231129092429224_3.jar"/>
    <property name="user.script" value=""/>
    <property name="sun.management.compiler" value="HotSpot 64-Bit Tiered Compilers"/>
    <property name="java.runtime.version" value="17.0.4.1+9-LTS"/>
    <property name="user.name" value="nmahalak"/>
    <property name="path.separator" value=";"/>
    <property name="os.version" value="10.0"/>
    <property name="java.runtime.name" value="OpenJDK Runtime Environment"/>
    <property name="file.encoding" value="Cp1252"/>
    <property name="java.vm.name" value="OpenJDK 64-Bit Server VM"/>
    <property name="java.vendor.version" value="Corretto-17.0.4.9.1"/>
    <property name="localRepository" value="C:\Users\nmahalak\.m2\repository"/>
    <property name="java.vendor.url.bug" value="https://github.com/corretto/corretto-17/issues/"/>
    <property name="java.io.tmpdir" value="C:\Users\nmahalak\AppData\Local\Temp\"/>
    <property name="idea.version" value="2022.2.3"/>
    <property name="java.version" value="17.0.4.1"/>
    <property name="user.dir" value="C:\Users\nmahalak\Downloads\springboot-rabbitmq-tutorial\springboot-rabbitmq-tutorial"/>
    <property name="os.arch" value="amd64"/>
    <property name="java.vm.specification.name" value="Java Virtual Machine Specification"/>
    <property name="PID" value="24224"/>
    <property name="sun.os.patch.level" value=""/>
    <property name="CONSOLE_LOG_CHARSET" value="windows-1252"/>
    <property name="native.encoding" value="Cp1252"/>
    <property name="java.library.path" value="C:\Users\nmahalak\.jdks\corretto-17.0.4.1\bin;C:\WINDOWS\Sun\Java\bin;C:\WINDOWS\system32;C:\WINDOWS;C:\Program Files\Eclipse Foundation\jdk-11.0.12.7-hotspot\bin;C:\WINDOWS\system32;C:\WINDOWS;C:\WINDOWS\System32\Wbem;C:\WINDOWS\System32\WindowsPowerShell\v1.0\;C:\WINDOWS\System32\OpenSSH\;C:\Program Files\Git\cmd;C:\Program Files\nodejs\;C:\Program Files\Microsoft VS Code\bin;C:\Program Files\MySQL\MySQL Server 8.0\bin;C:\Program Files\MySQL\MySQL Shell 8.0\bin\;C:\Users\nmahalak\AppData\Local\Microsoft\WindowsApps;C:\Users\nmahalak\AppData\Local\JetBrains\IntelliJ IDEA Community Edition 2022.2.3\bin;;C:\Users\nmahalak\AppData\Local\GitHubDesktop\bin;C:\Program Files (x86)\MongoDB Atlas CLI\;."/>
    <property name="java.vm.info" value="mixed mode, sharing"/>
    <property name="java.vendor" value="Amazon.com Inc."/>
    <property name="java.vm.version" value="17.0.4.1+9-LTS"/>
    <property name="sun.io.unicode.encoding" value="UnicodeLittle"/>
    <property name="java.class.version" value="61.0"/>
  </properties>
  <testcase name="contextLoads" classname="com.example.springbootrabbitmqtutorial.SpringbootRabbitmqTutorialApplicationTests" time="1.827">
    <system-out><![CDATA[09:24:31.289 [main] INFO org.springframework.test.context.support.AnnotationConfigContextLoaderUtils -- Could not detect default configuration classes for test class [com.example.springbootrabbitmqtutorial.SpringbootRabbitmqTutorialApplicationTests]: SpringbootRabbitmqTutorialApplicationTests does not declare any static, non-private, non-final, nested classes annotated with @Configuration.
09:24:31.468 [main] INFO org.springframework.boot.test.context.SpringBootTestContextBootstrapper -- Found @SpringBootConfiguration com.example.springbootrabbitmqtutorial.SpringbootRabbitmqTutorialApplication for test class com.example.springbootrabbitmqtutorial.SpringbootRabbitmqTutorialApplicationTests

  .   ____          _            __ _ _
 /\\ / ___'_ __ _ _(_)_ __  __ _ \ \ \ \
( ( )\___ | '_ | '_| | '_ \/ _` | \ \ \ \
 \\/  ___)| |_)| | | | | || (_| |  ) ) ) )
  '  |____| .__|_| |_|_| |_\__, | / / / /
 =========|_|==============|___/=/_/_/_/
 :: Spring Boot ::       (v3.1.7-SNAPSHOT)

2023-11-29T09:24:32.216+05:30  INFO 24224 --- [           main] ringbootRabbitmqTutorialApplicationTests : Starting SpringbootRabbitmqTutorialApplicationTests using Java 17.0.4.1 with PID 24224 (started by nmahalak in C:\Users\nmahalak\Downloads\springboot-rabbitmq-tutorial\springboot-rabbitmq-tutorial)
2023-11-29T09:24:32.218+05:30  INFO 24224 --- [           main] ringbootRabbitmqTutorialApplicationTests : No active profile set, falling back to 1 default profile: "default"
2023-11-29T09:24:34.582+05:30  INFO 24224 --- [           main] o.s.a.r.c.CachingConnectionFactory       : Attempting to connect to: [localhost:5672]
2023-11-29T09:24:34.728+05:30  INFO 24224 --- [           main] o.s.a.r.c.CachingConnectionFactory       : Created new connection: rabbitConnectionFactory#2d5ef498:0/SimpleConnection@31e739bf [delegate=amqp://guest@127.0.0.1:5672/, localPort=51412]
2023-11-29T09:24:34.829+05:30  INFO 24224 --- [           main] ringbootRabbitmqTutorialApplicationTests : Started SpringbootRabbitmqTutorialApplicationTests in 3.024 seconds (process running for 5.207)
]]></system-out>
  </testcase>
</testsuite>